<?xml version="1.0" encoding="UTF-8"?>
<coverage generated="1682337839379" clover="3.2.0">
  <project timestamp="1682337839379" name="All files">
    <metrics statements="80" coveredstatements="61" conditionals="59" coveredconditionals="35" methods="16" coveredmethods="14" elements="155" coveredelements="110" complexity="0" loc="80" ncloc="80" packages="5" files="6" classes="6"/>
    <package name="components">
      <metrics statements="2" coveredstatements="2" conditionals="0" coveredconditionals="0" methods="1" coveredmethods="1"/>
      <file name="App.tsx" path="/home/honorine/Documents/sharpen skills/rca-barefoot-team6-fe/src/components/App.tsx">
        <metrics statements="2" coveredstatements="2" conditionals="0" coveredconditionals="0" methods="1" coveredmethods="1"/>
        <line num="4" count="1" type="stmt"/>
        <line num="7" count="1" type="stmt"/>
      </file>
    </package>
    <package name="components.atoms">
      <metrics statements="6" coveredstatements="6" conditionals="23" coveredconditionals="15" methods="2" coveredmethods="2"/>
      <file name="Button.tsx" path="/home/honorine/Documents/sharpen skills/rca-barefoot-team6-fe/src/components/atoms/Button.tsx">
        <metrics statements="3" coveredstatements="3" conditionals="15" coveredconditionals="9" methods="1" coveredmethods="1"/>
        <line num="11" count="1" type="stmt"/>
        <line num="20" count="8" type="stmt"/>
        <line num="21" count="8" type="stmt"/>
      </file>
      <file name="Input.tsx" path="/home/honorine/Documents/sharpen skills/rca-barefoot-team6-fe/src/components/atoms/Input.tsx">
        <metrics statements="3" coveredstatements="3" conditionals="8" coveredconditionals="6" methods="1" coveredmethods="1"/>
        <line num="16" count="1" type="stmt"/>
        <line num="17" count="8" type="stmt"/>
        <line num="18" count="8" type="stmt"/>
      </file>
    </package>
    <package name="pages.auth">
      <metrics statements="32" coveredstatements="28" conditionals="16" coveredconditionals="10" methods="4" coveredmethods="4"/>
      <file name="forgot.tsx" path="/home/honorine/Documents/sharpen skills/rca-barefoot-team6-fe/src/pages/auth/forgot.tsx">
        <metrics statements="32" coveredstatements="28" conditionals="16" coveredconditionals="10" methods="4" coveredmethods="4"/>
        <line num="1" count="1" type="stmt"/>
        <line num="3" count="1" type="stmt"/>
        <line num="4" count="1" type="stmt"/>
        <line num="5" count="1" type="stmt"/>
        <line num="6" count="1" type="stmt"/>
        <line num="7" count="1" type="stmt"/>
        <line num="8" count="1" type="stmt"/>
        <line num="9" count="8" type="stmt"/>
        <line num="10" count="8" type="stmt"/>
        <line num="12" count="8" type="stmt"/>
        <line num="25" count="8" type="stmt"/>
        <line num="26" count="1" type="stmt"/>
        <line num="27" count="1" type="stmt"/>
        <line num="28" count="1" type="stmt"/>
        <line num="29" count="1" type="cond" truecount="0" falsecount="1"/>
        <line num="30" count="1" type="stmt"/>
        <line num="32" count="1" type="stmt"/>
        <line num="33" count="1" type="stmt"/>
        <line num="34" count="1" type="stmt"/>
        <line num="42" count="0" type="cond" truecount="0" falsecount="1"/>
        <line num="43" count="0" type="stmt"/>
        <line num="44" count="0" type="cond" truecount="0" falsecount="2"/>
        <line num="47" count="0" type="stmt"/>
        <line num="53" count="1" type="stmt"/>
        <line num="54" count="1" type="stmt"/>
        <line num="82" count="8" type="stmt"/>
        <line num="83" count="2" type="stmt"/>
        <line num="85" count="2" type="stmt"/>
        <line num="86" count="2" type="stmt"/>
        <line num="87" count="2" type="stmt"/>
        <line num="100" count="2" type="stmt"/>
        <line num="102" count="8" type="stmt"/>
      </file>
    </package>
    <package name="plugins">
      <metrics statements="1" coveredstatements="1" conditionals="0" coveredconditionals="0" methods="0" coveredmethods="0"/>
      <file name="configUrl.ts" path="/home/honorine/Documents/sharpen skills/rca-barefoot-team6-fe/src/plugins/configUrl.ts">
        <metrics statements="1" coveredstatements="1" conditionals="0" coveredconditionals="0" methods="0" coveredmethods="0"/>
        <line num="1" count="1" type="stmt"/>
      </file>
    </package>
    <package name="utils">
      <metrics statements="39" coveredstatements="24" conditionals="20" coveredconditionals="10" methods="9" coveredmethods="7"/>
      <file name="validator.ts" path="/home/honorine/Documents/sharpen skills/rca-barefoot-team6-fe/src/utils/validator.ts">
        <metrics statements="39" coveredstatements="24" conditionals="20" coveredconditionals="10" methods="9" coveredmethods="7"/>
        <line num="6" count="1" type="cond" truecount="1" falsecount="1"/>
        <line num="7" count="15" type="stmt"/>
        <line num="16" count="3" type="stmt"/>
        <line num="22" count="3" type="cond" truecount="2" falsecount="0"/>
        <line num="23" count="1" type="stmt"/>
        <line num="24" count="13" type="stmt"/>
        <line num="27" count="2" type="stmt"/>
        <line num="29" count="3" type="stmt"/>
        <line num="30" count="15" type="stmt"/>
        <line num="31" count="15" type="cond" truecount="1" falsecount="0"/>
        <line num="32" count="15" type="stmt"/>
        <line num="33" count="15" type="cond" truecount="2" falsecount="0"/>
        <line num="36" count="15" type="cond" truecount="1" falsecount="0"/>
        <line num="37" count="2" type="stmt"/>
        <line num="38" count="2" type="cond" truecount="2" falsecount="0"/>
        <line num="42" count="15" type="cond" truecount="0" falsecount="1"/>
        <line num="43" count="0" type="stmt"/>
        <line num="44" count="0" type="cond" truecount="0" falsecount="2"/>
        <line num="50" count="15" type="stmt"/>
        <line num="51" count="3" type="stmt"/>
        <line num="54" count="1" type="stmt"/>
        <line num="56" count="15" type="cond" truecount="0" falsecount="1"/>
        <line num="57" count="0" type="stmt"/>
        <line num="61" count="2" type="cond" truecount="0" falsecount="1"/>
        <line num="62" count="0" type="stmt"/>
        <line num="64" count="2" type="stmt"/>
        <line num="65" count="2" type="cond" truecount="1" falsecount="0"/>
        <line num="66" count="1" type="stmt"/>
        <line num="70" count="0" type="cond" truecount="0" falsecount="1"/>
        <line num="71" count="0" type="stmt"/>
        <line num="74" count="0" type="stmt"/>
        <line num="76" count="0" type="stmt"/>
        <line num="77" count="0" type="cond" truecount="0" falsecount="1"/>
        <line num="78" count="0" type="stmt"/>
        <line num="82" count="0" type="cond" truecount="0" falsecount="1"/>
        <line num="83" count="0" type="stmt"/>
        <line num="85" count="0" type="stmt"/>
        <line num="86" count="0" type="cond" truecount="0" falsecount="1"/>
        <line num="87" count="0" type="stmt"/>
      </file>
    </package>
  </project>
</coverage>
