{"/home/honorine/Documents/sharpen skills/rca-barefoot-team6-fe/src/components/App.tsx": {"path":"/home/honorine/Documents/sharpen skills/rca-barefoot-team6-fe/src/components/App.tsx","statementMap":{"0":{"start":{"line":4,"column":2},"end":{"line":4,"column":33}},"1":{"start":{"line":7,"column":0},"end":{"line":7,"column":19}}},"fnMap":{"0":{"name":"App","decl":{"start":{"line":3,"column":9},"end":{"line":3,"column":12}},"loc":{"start":{"line":3,"column":12},"end":{"line":5,"column":1}}}},"branchMap":{},"s":{"0":1,"1":1},"f":{"0":1},"b":{}}
,"/home/honorine/Documents/sharpen skills/rca-barefoot-team6-fe/src/components/atoms/Button.tsx": {"path":"/home/honorine/Documents/sharpen skills/rca-barefoot-team6-fe/src/components/atoms/Button.tsx","statementMap":{"0":{"start":{"line":20,"column":8},"end":{"line":20,"column":13}},"1":{"start":{"line":21,"column":4},"end":{"line":31,"column":null}},"2":{"start":{"line":11,"column":0},"end":{"line":11,"column":24}}},"fnMap":{"0":{"name":"Button","decl":{"start":{"line":11,"column":24},"end":{"line":11,"column":30}},"loc":{"start":{"line":11,"column":49},"end":{"line":32,"column":1}}}},"branchMap":{"0":{"loc":{"start":{"line":18,"column":8},"end":{"line":18,"column":25}},"type":"default-arg","locations":[{"start":{"line":18,"column":16},"end":{"line":18,"column":25}}]},"1":{"loc":{"start":{"line":26,"column":47},"end":{"line":26,"column":105}},"type":"binary-expr","locations":[{"start":{"line":26,"column":47},"end":{"line":26,"column":66}},{"start":{"line":26,"column":70},"end":{"line":26,"column":78}},{"start":{"line":26,"column":82},"end":{"line":26,"column":105}}]},"2":{"loc":{"start":{"line":27,"column":6},"end":{"line":27,"column":68}},"type":"binary-expr","locations":[{"start":{"line":27,"column":6},"end":{"line":27,"column":27}},{"start":{"line":27,"column":31},"end":{"line":27,"column":39}},{"start":{"line":27,"column":43},"end":{"line":27,"column":68}}]},"3":{"loc":{"start":{"line":28,"column":6},"end":{"line":28,"column":93}},"type":"binary-expr","locations":[{"start":{"line":28,"column":6},"end":{"line":28,"column":13}},{"start":{"line":28,"column":17},"end":{"line":28,"column":36}},{"start":{"line":28,"column":40},"end":{"line":28,"column":93}}]},"4":{"loc":{"start":{"line":29,"column":6},"end":{"line":29,"column":99}},"type":"binary-expr","locations":[{"start":{"line":29,"column":6},"end":{"line":29,"column":13}},{"start":{"line":29,"column":17},"end":{"line":29,"column":38}},{"start":{"line":29,"column":42},"end":{"line":29,"column":99}}]},"5":{"loc":{"start":{"line":30,"column":6},"end":{"line":30,"column":38}},"type":"binary-expr","locations":[{"start":{"line":30,"column":6},"end":{"line":30,"column":14}},{"start":{"line":30,"column":18},"end":{"line":30,"column":38}}]}},"s":{"0":8,"1":8,"2":1},"f":{"0":8},"b":{"0":[8],"1":[8,8,8],"2":[8,0,0],"3":[8,0,0],"4":[8,0,0],"5":[8,1]}}
,"/home/honorine/Documents/sharpen skills/rca-barefoot-team6-fe/src/components/atoms/Input.tsx": {"path":"/home/honorine/Documents/sharpen skills/rca-barefoot-team6-fe/src/components/atoms/Input.tsx","statementMap":{"0":{"start":{"line":17,"column":125},"end":{"line":17,"column":130}},"1":{"start":{"line":18,"column":4},"end":{"line":47,"column":null}},"2":{"start":{"line":16,"column":0},"end":{"line":16,"column":24}}},"fnMap":{"0":{"name":"Input","decl":{"start":{"line":16,"column":24},"end":{"line":16,"column":29}},"loc":{"start":{"line":16,"column":47},"end":{"line":48,"column":1}}}},"branchMap":{"0":{"loc":{"start":{"line":24,"column":31},"end":{"line":24,"column":82}},"type":"binary-expr","locations":[{"start":{"line":24,"column":31},"end":{"line":24,"column":36}},{"start":{"line":24,"column":40},"end":{"line":24,"column":82}}]},"1":{"loc":{"start":{"line":24,"column":87},"end":{"line":24,"column":131}},"type":"binary-expr","locations":[{"start":{"line":24,"column":87},"end":{"line":24,"column":95}},{"start":{"line":24,"column":99},"end":{"line":24,"column":131}}]},"2":{"loc":{"start":{"line":39,"column":17},"end":{"line":42,"column":null}},"type":"binary-expr","locations":[{"start":{"line":39,"column":17},"end":{"line":39,"column":21}},{"start":{"line":40,"column":20},"end":{"line":41,"column":null}}]},"3":{"loc":{"start":{"line":45,"column":13},"end":{"line":45,"column":69}},"type":"binary-expr","locations":[{"start":{"line":45,"column":13},"end":{"line":45,"column":18}},{"start":{"line":45,"column":22},"end":{"line":45,"column":69}}]}},"s":{"0":8,"1":8,"2":1},"f":{"0":8},"b":{"0":[8,1],"1":[8,0],"2":[8,0],"3":[8,1]}}
,"/home/honorine/Documents/sharpen skills/rca-barefoot-team6-fe/src/pages/auth/forgot.tsx": {"path":"/home/honorine/Documents/sharpen skills/rca-barefoot-team6-fe/src/pages/auth/forgot.tsx","statementMap":{"0":{"start":{"line":1,"column":0},"end":{"line":1,"column":51}},"1":{"start":{"line":3,"column":0},"end":{"line":3,"column":49}},"2":{"start":{"line":4,"column":0},"end":{"line":4,"column":40}},"3":{"start":{"line":5,"column":0},"end":{"line":5,"column":51}},"4":{"start":{"line":6,"column":0},"end":{"line":6,"column":53}},"5":{"start":{"line":7,"column":0},"end":{"line":7,"column":53}},"6":{"start":{"line":9,"column":28},"end":{"line":9,"column":40}},"7":{"start":{"line":10,"column":36},"end":{"line":10,"column":51}},"8":{"start":{"line":12,"column":38},"end":{"line":24,"column":4}},"9":{"start":{"line":25,"column":27},"end":{"line":81,"column":3}},"10":{"start":{"line":26,"column":4},"end":{"line":26,"column":23}},"11":{"start":{"line":27,"column":27},"end":{"line":27,"column":46}},"12":{"start":{"line":28,"column":4},"end":{"line":28,"column":34}},"13":{"start":{"line":29,"column":4},"end":{"line":29,"column":40}},"14":{"start":{"line":29,"column":33},"end":{"line":29,"column":40}},"15":{"start":{"line":30,"column":20},"end":{"line":30,"column":50}},"16":{"start":{"line":32,"column":4},"end":{"line":61,"column":null}},"17":{"start":{"line":33,"column":6},"end":{"line":33,"column":25}},"18":{"start":{"line":34,"column":23},"end":{"line":40,"column":8}},"19":{"start":{"line":42,"column":6},"end":{"line":45,"column":null}},"20":{"start":{"line":43,"column":21},"end":{"line":43,"column":42}},"21":{"start":{"line":44,"column":8},"end":{"line":44,"column":72}},"22":{"start":{"line":47,"column":6},"end":{"line":49,"column":9}},"23":{"start":{"line":53,"column":6},"end":{"line":53,"column":26}},"24":{"start":{"line":54,"column":6},"end":{"line":60,"column":11}},"25":{"start":{"line":82,"column":23},"end":{"line":101,"column":3}},"26":{"start":{"line":83,"column":28},"end":{"line":83,"column":36}},"27":{"start":{"line":85,"column":27},"end":{"line":85,"column":71}},"28":{"start":{"line":86,"column":4},"end":{"line":99,"column":7}},"29":{"start":{"line":87,"column":6},"end":{"line":98,"column":null}},"30":{"start":{"line":100,"column":4},"end":{"line":100,"column":20}},"31":{"start":{"line":102,"column":2},"end":{"line":129,"column":null}},"32":{"start":{"line":8,"column":0},"end":{"line":8,"column":24}}},"fnMap":{"0":{"name":"ForgotPassword","decl":{"start":{"line":8,"column":24},"end":{"line":8,"column":38}},"loc":{"start":{"line":8,"column":38},"end":{"line":130,"column":1}}},"1":{"name":"(anonymous_1)","decl":{"start":{"line":25,"column":27},"end":{"line":25,"column":32}},"loc":{"start":{"line":25,"column":50},"end":{"line":81,"column":3}}},"2":{"name":"(anonymous_2)","decl":{"start":{"line":82,"column":23},"end":{"line":82,"column":24}},"loc":{"start":{"line":82,"column":66},"end":{"line":101,"column":3}}},"3":{"name":"(anonymous_3)","decl":{"start":{"line":86,"column":18},"end":{"line":86,"column":32}},"loc":{"start":{"line":86,"column":35},"end":{"line":99,"column":5}}}},"branchMap":{"0":{"loc":{"start":{"line":29,"column":4},"end":{"line":29,"column":40}},"type":"if","locations":[{"start":{"line":29,"column":4},"end":{"line":29,"column":40}}]},"1":{"loc":{"start":{"line":42,"column":6},"end":{"line":45,"column":null}},"type":"if","locations":[{"start":{"line":42,"column":6},"end":{"line":45,"column":null}}]},"2":{"loc":{"start":{"line":44,"column":24},"end":{"line":44,"column":70}},"type":"binary-expr","locations":[{"start":{"line":44,"column":24},"end":{"line":44,"column":34}},{"start":{"line":44,"column":38},"end":{"line":44,"column":70}}]},"3":{"loc":{"start":{"line":56,"column":8},"end":{"line":57,"column":45}},"type":"cond-expr","locations":[{"start":{"line":56,"column":47},"end":{"line":56,"column":78}},{"start":{"line":56,"column":81},"end":{"line":57,"column":45}}]},"4":{"loc":{"start":{"line":56,"column":81},"end":{"line":57,"column":45}},"type":"binary-expr","locations":[{"start":{"line":56,"column":81},"end":{"line":56,"column":109}},{"start":{"line":57,"column":13},"end":{"line":57,"column":45}}]},"5":{"loc":{"start":{"line":116,"column":14},"end":{"line":116,"column":87}},"type":"cond-expr","locations":[{"start":{"line":116,"column":58},"end":{"line":116,"column":82}},{"start":{"line":116,"column":85},"end":{"line":116,"column":87}}]},"6":{"loc":{"start":{"line":116,"column":15},"end":{"line":116,"column":54}},"type":"binary-expr","locations":[{"start":{"line":116,"column":15},"end":{"line":116,"column":25}},{"start":{"line":116,"column":29},"end":{"line":116,"column":54}}]},"7":{"loc":{"start":{"line":120,"column":12},"end":{"line":120,"column":44}},"type":"binary-expr","locations":[{"start":{"line":120,"column":12},"end":{"line":120,"column":21}},{"start":{"line":120,"column":25},"end":{"line":120,"column":44}}]},"8":{"loc":{"start":{"line":123,"column":14},"end":{"line":123,"column":49}},"type":"cond-expr","locations":[{"start":{"line":123,"column":26},"end":{"line":123,"column":38}},{"start":{"line":123,"column":41},"end":{"line":123,"column":49}}]}},"s":{"0":1,"1":1,"2":1,"3":1,"4":1,"5":1,"6":8,"7":8,"8":8,"9":8,"10":1,"11":1,"12":1,"13":1,"14":0,"15":1,"16":1,"17":1,"18":1,"19":0,"20":0,"21":0,"22":0,"23":1,"24":1,"25":8,"26":2,"27":2,"28":2,"29":2,"30":2,"31":8,"32":1},"f":{"0":8,"1":1,"2":2,"3":2},"b":{"0":[0],"1":[0],"2":[0,0],"3":[0,1],"4":[1,1],"5":[2,6],"6":[8,8],"7":[8,8],"8":[0,8]}}
,"/home/honorine/Documents/sharpen skills/rca-barefoot-team6-fe/src/plugins/configUrl.ts": {"path":"/home/honorine/Documents/sharpen skills/rca-barefoot-team6-fe/src/plugins/configUrl.ts","statementMap":{"0":{"start":{"line":1,"column":13},"end":{"line":1,"column":92}}},"fnMap":{},"branchMap":{},"s":{"0":1},"f":{},"b":{}}
,"/home/honorine/Documents/sharpen skills/rca-barefoot-team6-fe/src/utils/validator.ts": {"path":"/home/honorine/Documents/sharpen skills/rca-barefoot-team6-fe/src/utils/validator.ts","statementMap":{"0":{"start":{"line":6,"column":28},"end":{"line":52,"column":1}},"1":{"start":{"line":7,"column":37},"end":{"line":7,"column":114}},"2":{"start":{"line":7,"column":82},"end":{"line":7,"column":95}},"3":{"start":{"line":16,"column":8},"end":{"line":20,"column":null}},"4":{"start":{"line":22,"column":4},"end":{"line":28,"column":null}},"5":{"start":{"line":23,"column":8},"end":{"line":25,"column":11}},"6":{"start":{"line":24,"column":12},"end":{"line":24,"column":49}},"7":{"start":{"line":27,"column":8},"end":{"line":27,"column":45}},"8":{"start":{"line":29,"column":4},"end":{"line":48,"column":null}},"9":{"start":{"line":30,"column":30},"end":{"line":30,"column":35}},"10":{"start":{"line":31,"column":8},"end":{"line":47,"column":null}},"11":{"start":{"line":32,"column":26},"end":{"line":32,"column":50}},"12":{"start":{"line":33,"column":12},"end":{"line":33,"column":47}},"13":{"start":{"line":36,"column":12},"end":{"line":39,"column":null}},"14":{"start":{"line":37,"column":30},"end":{"line":37,"column":51}},"15":{"start":{"line":38,"column":16},"end":{"line":38,"column":51}},"16":{"start":{"line":42,"column":12},"end":{"line":45,"column":null}},"17":{"start":{"line":43,"column":30},"end":{"line":43,"column":54}},"18":{"start":{"line":44,"column":16},"end":{"line":44,"column":51}},"19":{"start":{"line":50,"column":4},"end":{"line":50,"column":89}},"20":{"start":{"line":50,"column":73},"end":{"line":50,"column":78}},"21":{"start":{"line":51,"column":4},"end":{"line":51,"column":21}},"22":{"start":{"line":6,"column":13},"end":{"line":6,"column":28}},"23":{"start":{"line":54,"column":17},"end":{"line":90,"column":2}},"24":{"start":{"line":56,"column":8},"end":{"line":58,"column":null}},"25":{"start":{"line":57,"column":12},"end":{"line":57,"column":44}},"26":{"start":{"line":61,"column":8},"end":{"line":63,"column":null}},"27":{"start":{"line":62,"column":12},"end":{"line":62,"column":44}},"28":{"start":{"line":64,"column":27},"end":{"line":64,"column":69}},"29":{"start":{"line":65,"column":8},"end":{"line":67,"column":null}},"30":{"start":{"line":66,"column":12},"end":{"line":66,"column":43}},"31":{"start":{"line":70,"column":8},"end":{"line":72,"column":null}},"32":{"start":{"line":71,"column":12},"end":{"line":71,"column":44}},"33":{"start":{"line":74,"column":30},"end":{"line":74,"column":100}},"34":{"start":{"line":76,"column":24},"end":{"line":76,"column":151}},"35":{"start":{"line":77,"column":8},"end":{"line":79,"column":null}},"36":{"start":{"line":78,"column":12},"end":{"line":78,"column":null}},"37":{"start":{"line":82,"column":8},"end":{"line":84,"column":null}},"38":{"start":{"line":83,"column":12},"end":{"line":83,"column":44}},"39":{"start":{"line":85,"column":33},"end":{"line":85,"column":85}},"40":{"start":{"line":86,"column":8},"end":{"line":88,"column":null}},"41":{"start":{"line":87,"column":12},"end":{"line":87,"column":42}}},"fnMap":{"0":{"name":"(anonymous_0)","decl":{"start":{"line":6,"column":28},"end":{"line":6,"column":29}},"loc":{"start":{"line":6,"column":58},"end":{"line":52,"column":1}}},"1":{"name":"(anonymous_1)","decl":{"start":{"line":7,"column":64},"end":{"line":7,"column":65}},"loc":{"start":{"line":7,"column":82},"end":{"line":7,"column":95}}},"2":{"name":"(anonymous_2)","decl":{"start":{"line":23,"column":26},"end":{"line":23,"column":27}},"loc":{"start":{"line":23,"column":35},"end":{"line":25,"column":9}}},"3":{"name":"(anonymous_3)","decl":{"start":{"line":29,"column":22},"end":{"line":29,"column":23}},"loc":{"start":{"line":29,"column":31},"end":{"line":48,"column":5}}},"4":{"name":"(anonymous_4)","decl":{"start":{"line":50,"column":64},"end":{"line":50,"column":65}},"loc":{"start":{"line":50,"column":73},"end":{"line":50,"column":78}}},"5":{"name":"(anonymous_5)","decl":{"start":{"line":55,"column":14},"end":{"line":55,"column":15}},"loc":{"start":{"line":55,"column":32},"end":{"line":59,"column":5}}},"6":{"name":"(anonymous_6)","decl":{"start":{"line":60,"column":11},"end":{"line":60,"column":12}},"loc":{"start":{"line":60,"column":29},"end":{"line":68,"column":5}}},"7":{"name":"(anonymous_7)","decl":{"start":{"line":69,"column":14},"end":{"line":69,"column":15}},"loc":{"start":{"line":69,"column":32},"end":{"line":80,"column":5}}},"8":{"name":"(anonymous_8)","decl":{"start":{"line":81,"column":17},"end":{"line":81,"column":18}},"loc":{"start":{"line":81,"column":35},"end":{"line":89,"column":5}}}},"branchMap":{"0":{"loc":{"start":{"line":6,"column":29},"end":{"line":6,"column":40}},"type":"default-arg","locations":[{"start":{"line":6,"column":38},"end":{"line":6,"column":40}}]},"1":{"loc":{"start":{"line":6,"column":42},"end":{"line":6,"column":55}},"type":"default-arg","locations":[{"start":{"line":6,"column":53},"end":{"line":6,"column":55}}]},"2":{"loc":{"start":{"line":22,"column":4},"end":{"line":28,"column":null}},"type":"if","locations":[{"start":{"line":22,"column":4},"end":{"line":28,"column":null}},{"start":{"line":26,"column":9},"end":{"line":28,"column":null}}]},"3":{"loc":{"start":{"line":31,"column":8},"end":{"line":47,"column":null}},"type":"if","locations":[{"start":{"line":31,"column":8},"end":{"line":47,"column":null}}]},"4":{"loc":{"start":{"line":33,"column":37},"end":{"line":33,"column":46}},"type":"binary-expr","locations":[{"start":{"line":33,"column":37},"end":{"line":33,"column":42}},{"start":{"line":33,"column":44},"end":{"line":33,"column":46}}]},"5":{"loc":{"start":{"line":36,"column":12},"end":{"line":39,"column":null}},"type":"if","locations":[{"start":{"line":36,"column":12},"end":{"line":39,"column":null}}]},"6":{"loc":{"start":{"line":38,"column":41},"end":{"line":38,"column":50}},"type":"binary-expr","locations":[{"start":{"line":38,"column":41},"end":{"line":38,"column":46}},{"start":{"line":38,"column":48},"end":{"line":38,"column":50}}]},"7":{"loc":{"start":{"line":42,"column":12},"end":{"line":45,"column":null}},"type":"if","locations":[{"start":{"line":42,"column":12},"end":{"line":45,"column":null}}]},"8":{"loc":{"start":{"line":44,"column":41},"end":{"line":44,"column":50}},"type":"binary-expr","locations":[{"start":{"line":44,"column":41},"end":{"line":44,"column":46}},{"start":{"line":44,"column":48},"end":{"line":44,"column":50}}]},"9":{"loc":{"start":{"line":56,"column":8},"end":{"line":58,"column":null}},"type":"if","locations":[{"start":{"line":56,"column":8},"end":{"line":58,"column":null}}]},"10":{"loc":{"start":{"line":61,"column":8},"end":{"line":63,"column":null}},"type":"if","locations":[{"start":{"line":61,"column":8},"end":{"line":63,"column":null}}]},"11":{"loc":{"start":{"line":65,"column":8},"end":{"line":67,"column":null}},"type":"if","locations":[{"start":{"line":65,"column":8},"end":{"line":67,"column":null}}]},"12":{"loc":{"start":{"line":70,"column":8},"end":{"line":72,"column":null}},"type":"if","locations":[{"start":{"line":70,"column":8},"end":{"line":72,"column":null}}]},"13":{"loc":{"start":{"line":77,"column":8},"end":{"line":79,"column":null}},"type":"if","locations":[{"start":{"line":77,"column":8},"end":{"line":79,"column":null}}]},"14":{"loc":{"start":{"line":82,"column":8},"end":{"line":84,"column":null}},"type":"if","locations":[{"start":{"line":82,"column":8},"end":{"line":84,"column":null}}]},"15":{"loc":{"start":{"line":86,"column":8},"end":{"line":88,"column":null}},"type":"if","locations":[{"start":{"line":86,"column":8},"end":{"line":88,"column":null}}]}},"s":{"0":1,"1":3,"2":15,"3":3,"4":3,"5":1,"6":13,"7":2,"8":3,"9":15,"10":15,"11":15,"12":15,"13":15,"14":2,"15":2,"16":15,"17":0,"18":0,"19":3,"20":15,"21":3,"22":1,"23":1,"24":15,"25":0,"26":2,"27":0,"28":2,"29":2,"30":1,"31":0,"32":0,"33":0,"34":0,"35":0,"36":0,"37":0,"38":0,"39":0,"40":0,"41":0},"f":{"0":3,"1":15,"2":13,"3":15,"4":15,"5":15,"6":2,"7":0,"8":0},"b":{"0":[0],"1":[1],"2":[1,2],"3":[15],"4":[15,15],"5":[2],"6":[2,1],"7":[0],"8":[0,0],"9":[0],"10":[0],"11":[1],"12":[0],"13":[0],"14":[0],"15":[0]}}
}
