TN:
SF:src/components/App.tsx
FN:3,App
FNF:1
FNH:1
FNDA:1,App
DA:4,1
DA:7,1
LF:2
LH:2
BRF:0
BRH:0
end_of_record
TN:
SF:src/components/atoms/Button.tsx
FN:11,Button
FNF:1
FNH:1
FNDA:8,Button
DA:11,1
DA:20,8
DA:21,8
LF:3
LH:3
BRDA:18,0,0,8
BRDA:26,1,0,8
BRDA:26,1,1,8
BRDA:26,1,2,8
BRDA:27,2,0,8
BRDA:27,2,1,0
BRDA:27,2,2,0
BRDA:28,3,0,8
BRDA:28,3,1,0
BRDA:28,3,2,0
BRDA:29,4,0,8
BRDA:29,4,1,0
BRDA:29,4,2,0
BRDA:30,5,0,8
BRDA:30,5,1,1
BRF:15
BRH:9
end_of_record
TN:
SF:src/components/atoms/Input.tsx
FN:16,Input
FNF:1
FNH:1
FNDA:8,Input
DA:16,1
DA:17,8
DA:18,8
LF:3
LH:3
BRDA:24,0,0,8
BRDA:24,0,1,1
BRDA:24,1,0,8
BRDA:24,1,1,0
BRDA:39,2,0,8
BRDA:39,2,1,0
BRDA:45,3,0,8
BRDA:45,3,1,1
BRF:8
BRH:6
end_of_record
TN:
SF:src/pages/auth/forgot.tsx
FN:8,ForgotPassword
FN:25,(anonymous_1)
FN:82,(anonymous_2)
FN:86,(anonymous_3)
FNF:4
FNH:4
FNDA:8,ForgotPassword
FNDA:1,(anonymous_1)
FNDA:2,(anonymous_2)
FNDA:2,(anonymous_3)
DA:1,1
DA:3,1
DA:4,1
DA:5,1
DA:6,1
DA:7,1
DA:8,1
DA:9,8
DA:10,8
DA:12,8
DA:25,8
DA:26,1
DA:27,1
DA:28,1
DA:29,1
DA:30,1
DA:32,1
DA:33,1
DA:34,1
DA:42,0
DA:43,0
DA:44,0
DA:47,0
DA:53,1
DA:54,1
DA:82,8
DA:83,2
DA:85,2
DA:86,2
DA:87,2
DA:100,2
DA:102,8
LF:32
LH:28
BRDA:29,0,0,0
BRDA:42,1,0,0
BRDA:44,2,0,0
BRDA:44,2,1,0
BRDA:56,3,0,0
BRDA:56,3,1,1
BRDA:56,4,0,1
BRDA:56,4,1,1
BRDA:116,5,0,2
BRDA:116,5,1,6
BRDA:116,6,0,8
BRDA:116,6,1,8
BRDA:120,7,0,8
BRDA:120,7,1,8
BRDA:123,8,0,0
BRDA:123,8,1,8
BRF:16
BRH:10
end_of_record
TN:
SF:src/plugins/configUrl.ts
FNF:0
FNH:0
DA:1,1
LF:1
LH:1
BRF:0
BRH:0
end_of_record
TN:
SF:src/utils/validator.ts
FN:6,(anonymous_0)
FN:7,(anonymous_1)
FN:23,(anonymous_2)
FN:29,(anonymous_3)
FN:50,(anonymous_4)
FN:55,(anonymous_5)
FN:60,(anonymous_6)
FN:69,(anonymous_7)
FN:81,(anonymous_8)
FNF:9
FNH:7
FNDA:3,(anonymous_0)
FNDA:15,(anonymous_1)
FNDA:13,(anonymous_2)
FNDA:15,(anonymous_3)
FNDA:15,(anonymous_4)
FNDA:15,(anonymous_5)
FNDA:2,(anonymous_6)
FNDA:0,(anonymous_7)
FNDA:0,(anonymous_8)
DA:6,1
DA:7,15
DA:16,3
DA:22,3
DA:23,1
DA:24,13
DA:27,2
DA:29,3
DA:30,15
DA:31,15
DA:32,15
DA:33,15
DA:36,15
DA:37,2
DA:38,2
DA:42,15
DA:43,0
DA:44,0
DA:50,15
DA:51,3
DA:54,1
DA:56,15
DA:57,0
DA:61,2
DA:62,0
DA:64,2
DA:65,2
DA:66,1
DA:70,0
DA:71,0
DA:74,0
DA:76,0
DA:77,0
DA:78,0
DA:82,0
DA:83,0
DA:85,0
DA:86,0
DA:87,0
LF:39
LH:24
BRDA:6,0,0,0
BRDA:6,1,0,1
BRDA:22,2,0,1
BRDA:22,2,1,2
BRDA:31,3,0,15
BRDA:33,4,0,15
BRDA:33,4,1,15
BRDA:36,5,0,2
BRDA:38,6,0,2
BRDA:38,6,1,1
BRDA:42,7,0,0
BRDA:44,8,0,0
BRDA:44,8,1,0
BRDA:56,9,0,0
BRDA:61,10,0,0
BRDA:65,11,0,1
BRDA:70,12,0,0
BRDA:77,13,0,0
BRDA:82,14,0,0
BRDA:86,15,0,0
BRF:20
BRH:10
end_of_record
